SF:lib\src\queue\domain\entities\queue_entity.dart
DA:10,3
LF:1
LH:1
end_of_record
SF:lib\src\queue\domain\usecases\add_new_queue.dart
DA:11,1
DA:14,1
DA:15,3
LF:3
LH:3
end_of_record
SF:lib\src\queue\domain\usecases\get_all_queues.dart
DA:11,1
DA:13,1
DA:15,2
LF:3
LH:3
end_of_record
SF:lib\src\queue\domain\usecases\remove_queue.dart
DA:11,0
DA:14,0
DA:15,0
LF:3
LH:0
end_of_record
SF:lib\src\configuration\blocs\configuration_bloc.dart
DA:16,1
DA:20,2
DA:21,3
DA:22,3
DA:23,3
DA:26,1
DA:27,4
DA:30,1
DA:31,4
DA:34,1
DA:35,2
DA:37,5
DA:38,2
DA:39,1
DA:40,3
LF:15
LH:15
end_of_record
SF:lib\src\configuration\events\conf_event.dart
DA:10,1
DA:16,1
LF:2
LH:2
end_of_record
SF:lib\src\configuration\states\conf_state.dart
DA:12,1
DA:18,1
LF:2
LH:2
end_of_record
SF:lib\src\queue\domain\value_objects\order.dart
DA:7,3
DA:15,7
LF:2
LH:2
end_of_record
SF:lib\src\queue\infra\adapters\json_to_order.dart
DA:4,3
DA:5,3
DA:6,3
DA:7,3
DA:8,6
DA:9,6
DA:10,9
DA:15,2
DA:16,2
DA:17,2
DA:18,2
DA:19,4
DA:20,4
LF:13
LH:13
end_of_record
SF:lib\src\queue\infra\adapters\json_to_queue.dart
DA:7,2
DA:8,2
DA:9,2
DA:10,2
DA:11,2
DA:12,2
DA:13,2
DA:14,8
DA:19,2
DA:20,2
DA:21,2
DA:22,2
DA:23,2
DA:24,2
DA:25,8
LF:15
LH:15
end_of_record
SF:lib\src\queue\external\queue_firestore_datasource.dart
DA:7,1
DA:9,1
DA:11,2
DA:13,2
DA:15,5
DA:18,1
DA:20,3
DA:21,2
DA:22,1
DA:24,1
DA:28,1
DA:29,2
DA:30,1
DA:31,1
DA:35,0
DA:36,0
DA:37,0
LF:17
LH:14
end_of_record
SF:lib\src\queue\infra\repositories\queue_repository.dart
DA:10,1
DA:12,1
DA:14,2
DA:16,2
DA:19,1
DA:20,2
DA:24,1
DA:25,1
DA:26,3
DA:30,0
DA:31,0
LF:11
LH:9
end_of_record
